{
  "0 debug pnpm:scope": {
    "selected": 1
  },
  "1 debug pnpm:package-manifest": {
    "initial": {
      "name": "vite-base-app",
      "version": "0.0.0",
      "scripts": {
        "dev": "vite",
        "build": "vite build",
        "preview": "vite preview"
      },
      "dependencies": {
        "vue": "^3.2.25"
      },
      "devDependencies": {
        "@vitejs/plugin-vue": "^2.0.0",
        "vite": "^2.7.2"
      }
    },
    "prefix": "D:\\playground\\vite\\vite-base-app"
  },
  "2 debug pnpm:context": {
    "currentLockfileExists": false,
    "storeDir": "D:\\.pnpm-store\\v3",
    "virtualStoreDir": "D:\\playground\\vite\\vite-base-app\\node_modules\\.pnpm"
  },
  "3 debug pnpm:stage": {
    "prefix": "D:\\playground\\vite\\vite-base-app",
    "stage": "resolution_started"
  },
  "4 debug pnpm:_dependency_resolved": {
    "resolution": "registry.npmjs.org/@vitejs/plugin-vue/2.0.1",
    "wanted": {
      "dependentId": ".",
      "name": "@vitejs/plugin-vue",
      "rawSpec": "^2.0.0"
    }
  },
  "5 debug pnpm:progress": {
    "packageId": "registry.npmjs.org/@vitejs/plugin-vue/2.0.1",
    "requester": "D:\\playground\\vite\\vite-base-app",
    "status": "resolved"
  },
  "6 error pnpm": {
    "code": "ERR_PNPM_FETCH_404",
    "hint": "vue-routernext is not in the npm registry, or you have no permission to fetch it.\n\nNo authorization header was set for the request.",
    "request": {
      "url": "https://registry.npmjs.org/vue-routernext"
    },
    "response": {
      "size": 0
    },
    "pkgName": "vue-routernext",
    "pkgsStack": [],
    "err": {
      "name": "pnpm",
      "message": "GET https://registry.npmjs.org/vue-routernext: Not Found - 404",
      "code": "ERR_PNPM_FETCH_404",
      "stack": "pnpm: GET https://registry.npmjs.org/vue-routernext: Not Found - 404\n    at RetryOperation._fn (C:\\Users\\dopamine\\AppData\\Roaming\\npm\\node_modules\\pnpm\\dist\\pnpm.cjs:85056:19)\n    at processTicksAndRejections (node:internal/process/task_queues:96:5)"
    }
  }
}